#
# There is insufficient memory for the Java Runtime Environment to continue.
# Native memory allocation (malloc) failed to allocate 1048576 bytes for AllocateHeap
# Possible reasons:
#   The system is out of physical RAM or swap space
#   The process is running with CompressedOops enabled, and the Java Heap may be blocking the growth of the native heap
# Possible solutions:
#   Reduce memory load on the system
#   Increase physical memory or swap space
#   Check if swap backing store is full
#   Decrease Java heap size (-Xmx/-Xms)
#   Decrease number of Java threads
#   Decrease Java thread stack sizes (-Xss)
#   Set larger code cache with -XX:ReservedCodeCacheSize=
#   JVM is running with Zero Based Compressed Oops mode in which the Java heap is
#     placed in the first 32GB address space. The Java Heap base address is the
#     maximum limit for the native heap growth. Please use -XX:HeapBaseMinAddress
#     to set the Java Heap base and to place the Java Heap above 32GB virtual address.
# This output file may be truncated or incomplete.
#
#  Out of Memory Error (memory/allocation.inline.hpp:61), pid=27296, tid=0x0000000000001628
#
# JRE version:  (8.0_251-b08) (build )
# Java VM: Java HotSpot(TM) 64-Bit Server VM (25.251-b08 mixed mode windows-amd64 compressed oops)
# Failed to write core dump. Minidumps are not enabled by default on client versions of Windows
#

---------------  T H R E A D  ---------------

Current thread (0x000000000107e000):  JavaThread "Unknown thread" [_thread_in_vm, id=5672, stack(0x0000000002de0000,0x0000000002ee0000)]

Stack: [0x0000000002de0000,0x0000000002ee0000]
[error occurred during error reporting (printing stack bounds), id 0xc0000005]

Native frames: (J=compiled Java code, j=interpreted, Vv=VM code, C=native code)


---------------  P R O C E S S  ---------------

Java Threads: ( => current thread )

Other Threads:

=>0x000000000107e000 (exited) JavaThread "Unknown thread" [_thread_in_vm, id=5672, stack(0x0000000002de0000,0x0000000002ee0000)]

VM state:not at safepoint (normal execution)

VM Mutex/Monitor currently owned by a thread: None

heap address: 0x00000006c1e00000, size: 4066 MB, Compressed Oops mode: Zero based, Oop shift amount: 3
Narrow klass base: 0x0000000000000000, Narrow klass shift: 3
Compressed class space size: 1073741824 Address: 0x00000007c0000000

Heap:
 PSYoungGen      total 76288K, used 1310K [0x000000076b500000, 0x0000000770a00000, 0x00000007c0000000)
  eden space 65536K, 2% used [0x000000076b500000,0x000000076b647af0,0x000000076f500000)
  from space 10752K, 0% used [0x000000076ff80000,0x000000076ff80000,0x0000000770a00000)
  to   space 10752K, 0% used [0x000000076f500000,0x000000076f500000,0x000000076ff80000)
 ParOldGen       total 175104K, used 0K [0x00000006c1e00000, 0x00000006cc900000, 0x000000076b500000)
  object space 175104K, 0% used [0x00000006c1e00000,0x00000006c1e00000,0x00000006cc900000)
 Metaspace       used 754K, capacity 1092K, committed 1152K, reserved 1060864K
  class space    used 76K, capacity 384K, committed 384K, reserved 1048576K

Card table byte_map: [0x00000000123c0000,0x0000000012bc0000] byte_map_base: 0x000000000edb1000

Marking Bits: (ParMarkBitMap*) 0x000000006f41af90
 Begin Bits: [0x0000000013510000, 0x0000000017498000)
 End Bits:   [0x0000000017498000, 0x000000001b420000)

Polling page: 0x0000000001080000

CodeCache: size=245760Kb used=328Kb max_used=328Kb free=245431Kb
 bounds [0x0000000003000000, 0x0000000003270000, 0x0000000012000000]
 total_blobs=58 nmethods=0 adapters=38
 compilation: enabled

Compilation events (0 events):
No events

GC Heap History (0 events):
No events

Deoptimization events (0 events):
No events

Classes redefined (0 events):
No events

Internal exceptions (0 events):
No events

Events (10 events):
Event: 0.024 loading class java/lang/Short
Event: 0.024 loading class java/lang/Short done
Event: 0.024 loading class java/lang/Integer
Event: 0.024 loading class java/lang/Integer done
Event: 0.024 loading class java/lang/Long
Event: 0.024 loading class java/lang/Long done
Event: 0.024 loading class java/lang/NullPointerException
Event: 0.024 loading class java/lang/NullPointerException done
Event: 0.024 loading class java/lang/ArithmeticException
Event: 0.024 loading class java/lang/ArithmeticException done


Dynamic libraries:
0x00007ff70ac60000 - 0x00007ff70ac97000 	C:\Program Files\Java\jre1.8.0_251\bin\javaw.exe
0x00007ff802a30000 - 0x00007ff802c25000 	C:\WINDOWS\SYSTEM32\ntdll.dll
0x00007ff801cd0000 - 0x00007ff801d8d000 	C:\WINDOWS\System32\KERNEL32.DLL
0x00007ff8004b0000 - 0x00007ff800778000 	C:\WINDOWS\System32\KERNELBASE.dll
0x00007ff800a90000 - 0x00007ff800b3c000 	C:\WINDOWS\System32\ADVAPI32.dll
0x00007ff800eb0000 - 0x00007ff800f4e000 	C:\WINDOWS\System32\msvcrt.dll
0x00007ff800c60000 - 0x00007ff800cfb000 	C:\WINDOWS\System32\sechost.dll
0x00007ff8028c0000 - 0x00007ff8029eb000 	C:\WINDOWS\System32\RPCRT4.dll
0x00007ff801a10000 - 0x00007ff801bb0000 	C:\WINDOWS\System32\USER32.dll
0x00007ff800370000 - 0x00007ff800392000 	C:\WINDOWS\System32\win32u.dll
0x00007ff801770000 - 0x00007ff80179a000 	C:\WINDOWS\System32\GDI32.dll
0x00007ff8003a0000 - 0x00007ff8004ab000 	C:\WINDOWS\System32\gdi32full.dll
0x00007ff800170000 - 0x00007ff80020d000 	C:\WINDOWS\System32\msvcp_win.dll
0x00007ff8008e0000 - 0x00007ff8009e0000 	C:\WINDOWS\System32\ucrtbase.dll
0x00007fffe8070000 - 0x00007fffe830a000 	C:\WINDOWS\WinSxS\amd64_microsoft.windows.common-controls_6595b64144ccf1df_6.0.19041.844_none_ca00b6081b84eb1d\COMCTL32.dll
0x00007ff8012b0000 - 0x00007ff8012e0000 	C:\WINDOWS\System32\IMM32.DLL
0x000000006f4a0000 - 0x000000006f572000 	C:\Program Files\Java\jre1.8.0_251\bin\msvcr100.dll
0x000000006ebf0000 - 0x000000006f49b000 	C:\Program Files\Java\jre1.8.0_251\bin\server\jvm.dll
0x00007ff8028b0000 - 0x00007ff8028b8000 	C:\WINDOWS\System32\PSAPI.DLL
0x00007fffe8d30000 - 0x00007fffe8d57000 	C:\WINDOWS\SYSTEM32\WINMM.dll
0x00007ffff10a0000 - 0x00007ffff10aa000 	C:\WINDOWS\SYSTEM32\VERSION.dll
0x00007fffe6650000 - 0x00007fffe6659000 	C:\WINDOWS\SYSTEM32\WSOCK32.dll
0x00007ff801880000 - 0x00007ff8018eb000 	C:\WINDOWS\System32\WS2_32.dll
0x00007fffd1b30000 - 0x00007fffd1b3f000 	C:\Program Files\Java\jre1.8.0_251\bin\verify.dll
0x00007fffca280000 - 0x00007fffca2a9000 	C:\Program Files\Java\jre1.8.0_251\bin\java.dll
0x00007fffd1410000 - 0x00007fffd1426000 	C:\Program Files\Java\jre1.8.0_251\bin\zip.dll

VM Arguments:
jvm_args: -Dfile.encoding=Cp1252 
java_command: view.AppMain
java_class_path (initial): C:\Users\Gorka\eclipse-workspace\ProjectIkerSanLuis\bin;C:\Users\Gorka\eclipse-workspace\ProjectIkerSanLuis\lib\mysql-connector-java-8.0.26.jar
Launcher Type: SUN_STANDARD

Environment Variables:
JAVA_HOME=C:\Java_ws\jdk1.8.0_281
PATH=C:/Program Files/Java/jre1.8.0_281/bin/server;C:/Program Files/Java/jre1.8.0_281/bin;C:/Program Files/Java/jre1.8.0_281/lib/amd64;C:\Program Files (x86)\Common Files\Oracle\Java\javapath;C:\WINDOWS\system32;C:\WINDOWS;C:\WINDOWS\System32\Wbem;C:\WINDOWS\System32\WindowsPowerShell\v1.0\;C:\WINDOWS\System32\OpenSSH\;C:\Program Files\Intel\WiFi\bin\;C:\Program Files\Common Files\Intel\WirelessCommon\;D:\Git\cmd;C:\Gradle\gradle-5.4.1\bin;C:\geckodriver\;C:\Users\Gorka\AppData\Local\Programs\Python\Python37\;C:\Program Files\MySQL\MySQL Shell 8.0\bin\;C:\Users\Gorka\AppData\Local\Microsoft\WindowsApps;D:\IntelliJ IDEA 2020.2.1\bin;%PYTHON%C:\Users\Gorka\AppData\Local\Programs\Python\Python37\python.exe;;C:\Users\Gorka\AppData\Local\Microsoft\WindowsApps;C:\WINDOWS\system32;
USERNAME=Gorka
OS=Windows_NT
PROCESSOR_IDENTIFIER=Intel64 Family 6 Model 142 Stepping 9, GenuineIntel



---------------  S Y S T E M  ---------------

OS: Windows 10.0 , 64 bit Build 19041 (10.0.19041.928)

CPU:total 4 (initial active 4) (2 cores per cpu, 2 threads per core) family 6 model 142 stepping 9, cmov, cx8, fxsr, mmx, sse, sse2, sse3, ssse3, sse4.1, sse4.2, popcnt, avx, avx2, aes, clmul, erms, 3dnowpref, lzcnt, ht, tsc, tscinvbit, bmi1, bmi2, adx

Memory: 4k page, physical 16648932k(5806908k free), swap 41597716k(5940k free)

vm_info: Java HotSpot(TM) 64-Bit Server VM (25.251-b08) for windows-amd64 JRE (1.8.0_251-b08), built on Mar 12 2020 06:31:49 by "" with MS VC++ 10.0 (VS2010)

time: Sat Jul 24 18:04:59 2021
timezone: Hora de verano romance
elapsed time: 0 seconds (0d 0h 0m 0s)

